# JRE version: OpenJDK Runtime Environment (11.0.14+9) (build 11.0.14+9-post-Raspbian-1deb11u1)
# Java VM: OpenJDK Server VM (11.0.14+9-post-Raspbian-1deb11u1, mixed mode, g1 gc, linux-)
Heap:
 garbage-first heap   total 141312K, used 110961K [0x73a00000, 0xb3a00000)
  region size 1024K, 5 young (5120K), 2 survivors (2048K)
 Metaspace       used 65924K, capacity 70105K, committed 70144K, reserved 70960K
GC Heap History (20 events):
Event: 967,946 GC heap before
{Heap before GC invocations=137 (full 0):
 garbage-first heap   total 141312K, used 122559K [0x73a00000, 0xb3a00000)
  region size 1024K, 18 young (18432K), 2 survivors (2048K)
 Metaspace       used 65604K, capacity 69809K, committed 69888K, reserved 69936K
}
Event: 967,959 GC heap after
{Heap after GC invocations=138 (full 0):
 garbage-first heap   total 141312K, used 107854K [0x73a00000, 0xb3a00000)
  region size 1024K, 3 young (3072K), 3 survivors (3072K)
 Metaspace       used 65604K, capacity 69809K, committed 69888K, reserved 69936K
}
Event: 968,240 GC heap before
{Heap before GC invocations=138 (full 0):
 garbage-first heap   total 141312K, used 122190K [0x73a00000, 0xb3a00000)
  region size 1024K, 17 young (17408K), 3 survivors (3072K)
 Metaspace       used 65608K, capacity 69809K, committed 69888K, reserved 69936K
}
Event: 968,250 GC heap after
{Heap after GC invocations=139 (full 0):
 garbage-first heap   total 141312K, used 107977K [0x73a00000, 0xb3a00000)
  region size 1024K, 2 young (2048K), 2 survivors (2048K)
 Metaspace       used 65608K, capacity 69809K, committed 69888K, reserved 69936K
}
Event: 968,590 GC heap before
{Heap before GC invocations=139 (full 0):
 garbage-first heap   total 141312K, used 122313K [0x73a00000, 0xb3a00000)
  region size 1024K, 17 young (17408K), 2 survivors (2048K)
 Metaspace       used 65618K, capacity 69817K, committed 69888K, reserved 69936K
}
Event: 968,600 GC heap after
{Heap after GC invocations=140 (full 0):
 garbage-first heap   total 141312K, used 107988K [0x73a00000, 0xb3a00000)
  region size 1024K, 2 young (2048K), 2 survivors (2048K)
 Metaspace       used 65618K, capacity 69817K, committed 69888K, reserved 69936K
}
Event: 985,953 GC heap before
{Heap before GC invocations=140 (full 0):
 garbage-first heap   total 141312K, used 122324K [0x73a00000, 0xb3a00000)
  region size 1024K, 17 young (17408K), 2 survivors (2048K)
 Metaspace       used 65709K, capacity 69908K, committed 70016K, reserved 70960K
}
Event: 985,963 GC heap after
{Heap after GC invocations=141 (full 0):
 garbage-first heap   total 141312K, used 108302K [0x73a00000, 0xb3a00000)
  region size 1024K, 2 young (2048K), 2 survivors (2048K)
 Metaspace       used 65709K, capacity 69908K, committed 70016K, reserved 70960K
}
Event: 993,679 GC heap before
{Heap before GC invocations=141 (full 0):
 garbage-first heap   total 141312K, used 123662K [0x73a00000, 0xb3a00000)
  region size 1024K, 17 young (17408K), 2 survivors (2048K)
 Metaspace       used 65758K, capacity 69946K, committed 70016K, reserved 70960K
}
Event: 993,695 GC heap after
{Heap after GC invocations=142 (full 0):
 garbage-first heap   total 141312K, used 108321K [0x73a00000, 0xb3a00000)
  region size 1024K, 2 young (2048K), 2 survivors (2048K)
 Metaspace       used 65758K, capacity 69946K, committed 70016K, reserved 70960K
}
Event: 1010,643 GC heap before
{Heap before GC invocations=142 (full 0):
 garbage-first heap   total 141312K, used 123681K [0x73a00000, 0xb3a00000)
  region size 1024K, 17 young (17408K), 2 survivors (2048K)
 Metaspace       used 65777K, capacity 69957K, committed 70016K, reserved 70960K
}
Event: 1010,654 GC heap after
{Heap after GC invocations=143 (full 0):
 garbage-first heap   total 141312K, used 108435K [0x73a00000, 0xb3a00000)
  region size 1024K, 2 young (2048K), 2 survivors (2048K)
 Metaspace       used 65777K, capacity 69957K, committed 70016K, reserved 70960K
}
Event: 1039,926 GC heap before
{Heap before GC invocations=143 (full 0):
 garbage-first heap   total 141312K, used 123795K [0x73a00000, 0xb3a00000)
  region size 1024K, 17 young (17408K), 2 survivors (2048K)
 Metaspace       used 65791K, capacity 69969K, committed 70016K, reserved 70960K
}
Event: 1039,942 GC heap after
{Heap after GC invocations=144 (full 0):
 garbage-first heap   total 141312K, used 108332K [0x73a00000, 0xb3a00000)
  region size 1024K, 2 young (2048K), 2 survivors (2048K)
 Metaspace       used 65791K, capacity 69969K, committed 70016K, reserved 70960K
}
Event: 1052,220 GC heap before
{Heap before GC invocations=144 (full 0):
 garbage-first heap   total 141312K, used 122668K [0x73a00000, 0xb3a00000)
  region size 1024K, 17 young (17408K), 2 survivors (2048K)
 Metaspace       used 65796K, capacity 69969K, committed 70016K, reserved 70960K
}
Event: 1052,237 GC heap after
{Heap after GC invocations=145 (full 0):
 garbage-first heap   total 141312K, used 108606K [0x73a00000, 0xb3a00000)
  region size 1024K, 2 young (2048K), 2 survivors (2048K)
 Metaspace       used 65796K, capacity 69969K, committed 70016K, reserved 70960K
}
Event: 1063,209 GC heap before
{Heap before GC invocations=145 (full 0):
 garbage-first heap   total 141312K, used 122942K [0x73a00000, 0xb3a00000)
  region size 1024K, 17 young (17408K), 2 survivors (2048K)
 Metaspace       used 65808K, capacity 69969K, committed 70016K, reserved 70960K
}
Event: 1063,221 GC heap after
{Heap after GC invocations=146 (full 0):
 garbage-first heap   total 141312K, used 108858K [0x73a00000, 0xb3a00000)
  region size 1024K, 2 young (2048K), 2 survivors (2048K)
 Metaspace       used 65808K, capacity 69969K, committed 70016K, reserved 70960K
}
Event: 1077,869 GC heap before
{Heap before GC invocations=146 (full 0):
 garbage-first heap   total 141312K, used 123194K [0x73a00000, 0xb3a00000)
  region size 1024K, 17 young (17408K), 2 survivors (2048K)
 Metaspace       used 65874K, capacity 70033K, committed 70144K, reserved 70960K
}
Event: 1077,883 GC heap after
{Heap after GC invocations=147 (full 0):
 garbage-first heap   total 141312K, used 108913K [0x73a00000, 0xb3a00000)
  region size 1024K, 2 young (2048K), 2 survivors (2048K)
 Metaspace       used 65874K, capacity 70033K, committed 70144K, reserved 70960K
}

